<?xml version="1.0" encoding="UTF-8"?>
<testsuite xmlns:xsi="http://www.w3.org/2001/XMLSchema-instance" xsi:noNamespaceSchemaLocation="https://maven.apache.org/surefire/maven-surefire-plugin/xsd/surefire-test-report.xsd" version="3.0.2" name="mate.academy.bookapp.BookAppApplicationTests" time="3.435" tests="1" errors="0" skipped="0" failures="0">
  <properties>
[...]
</properties>
  <testcase name="contextLoads" classname="mate.academy.bookapp.BookAppApplicationTests" time="0.363">
    <system-out><![CDATA[14:37:05.307 [main] INFO org.springframework.test.context.support.AnnotationConfigContextLoaderUtils -- Could not detect default configuration classes for test class [mate.academy.bookapp.BookAppApplicationTests]: BookAppApplicationTests does not declare any static, non-private, non-final, nested classes annotated with @Configuration.
14:37:05.403 [main] INFO org.springframework.boot.test.context.SpringBootTestContextBootstrapper -- Found @SpringBootConfiguration mate.academy.bookapp.BookAppApplication for test class mate.academy.bookapp.BookAppApplicationTests

  .   ____          _            __ _ _
 /\\ / ___'_ __ _ _(_)_ __  __ _ \ \ \ \
( ( )\___ | '_ | '_| | '_ \/ _` | \ \ \ \
 \\/  ___)| |_)| | | | | || (_| |  ) ) ) )
  '  |____| .__|_| |_|_| |_\__, | / / / /
 =========|_|==============|___/=/_/_/_/

 :: Spring Boot ::                (v3.4.2)

2025-02-19T14:37:05.806+02:00  INFO 7756 --- [           main] m.a.bookapp.BookAppApplicationTests      : Starting BookAppApplicationTests using Java 17.0.12 with PID 7756 (started by NMG-PC in C:\Users\NMG-PC\IdeaProjects\book_app)
2025-02-19T14:37:05.807+02:00  INFO 7756 --- [           main] m.a.bookapp.BookAppApplicationTests      : No active profile set, falling back to 1 default profile: "default"
2025-02-19T14:37:06.156+02:00  INFO 7756 --- [           main] .s.d.r.c.RepositoryConfigurationDelegate : Bootstrapping Spring Data JPA repositories in DEFAULT mode.
2025-02-19T14:37:06.178+02:00  INFO 7756 --- [           main] .s.d.r.c.RepositoryConfigurationDelegate : Finished Spring Data repository scanning in 13 ms. Found 0 JPA repository interfaces.
2025-02-19T14:37:06.458+02:00  INFO 7756 --- [           main] com.zaxxer.hikari.HikariDataSource       : HikariPool-1 - Starting...
2025-02-19T14:37:06.656+02:00  INFO 7756 --- [           main] com.zaxxer.hikari.pool.HikariPool        : HikariPool-1 - Added connection conn0: url=jdbc:h2:mem:testdb user=SA
2025-02-19T14:37:06.658+02:00  INFO 7756 --- [           main] com.zaxxer.hikari.HikariDataSource       : HikariPool-1 - Start completed.
2025-02-19T14:37:06.709+02:00  INFO 7756 --- [           main] o.hibernate.jpa.internal.util.LogHelper  : HHH000204: Processing PersistenceUnitInfo [name: default]
2025-02-19T14:37:06.767+02:00  INFO 7756 --- [           main] org.hibernate.Version                    : HHH000412: Hibernate ORM core version 6.6.5.Final
2025-02-19T14:37:06.803+02:00  INFO 7756 --- [           main] o.h.c.internal.RegionFactoryInitiator    : HHH000026: Second-level cache disabled
2025-02-19T14:37:07.120+02:00  INFO 7756 --- [           main] o.s.o.j.p.SpringPersistenceUnitInfo      : No LoadTimeWeaver setup: ignoring JPA class transformer
2025-02-19T14:37:07.166+02:00  WARN 7756 --- [           main] org.hibernate.orm.deprecation            : HHH90000025: H2Dialect does not need to be specified explicitly using 'hibernate.dialect' (remove the property setting and it will be selected by default)
2025-02-19T14:37:07.183+02:00  INFO 7756 --- [           main] org.hibernate.orm.connections.pooling    : HHH10001005: Database info:
	Database JDBC URL [Connecting through datasource 'HikariDataSource (HikariPool-1)']
	Database driver: undefined/unknown
	Database version: 2.3.232
	Autocommit mode: undefined/unknown
	Isolation level: undefined/unknown
	Minimum pool size: undefined/unknown
	Maximum pool size: undefined/unknown
2025-02-19T14:37:07.949+02:00  INFO 7756 --- [           main] o.h.e.t.j.p.i.JtaPlatformInitiator       : HHH000489: No JTA platform available (set 'hibernate.transaction.jta.platform' to enable JTA platform integration)
2025-02-19T14:37:07.981+02:00  INFO 7756 --- [           main] j.LocalContainerEntityManagerFactoryBean : Initialized JPA EntityManagerFactory for persistence unit 'default'
2025-02-19T14:37:08.126+02:00  INFO 7756 --- [           main] m.a.bookapp.BookAppApplicationTests      : Started BookAppApplicationTests in 2.578 seconds (process running for 3.426)
]]></system-out>
  </testcase>
</testsuite>